Using cpu device
Wrapping the env with a `Monitor` wrapper
Wrapping the env in a DummyVecEnv.
Logging to ./Lorenz_tensorboard/PPO_7
/home/015970994/anaconda3/envs/mastering-chaos/lib/python3.10/site-packages/stable_baselines3/common/evaluation.py:67: UserWarning: Evaluation environment is not wrapped with a ``Monitor`` wrapper. This may result in reporting modified episode lengths and rewards, if other wrappers happen to modify these. Consider wrapping environment first with ``Monitor`` wrapper.
  warnings.warn(
Eval num_timesteps=500, episode_reward=-6324747.10 +/- 9978.01
Episode length: 5000.00 +/- 0.00
------------------------------------
| eval/              |             |
|    mean action     | -0.09294817 |
|    mean velocity x | -0.83       |
|    mean velocity y | -0.626      |
|    mean velocity z | 25.7        |
|    mean_ep_length  | 5e+03       |
|    mean_reward     | -6.32e+06   |
| time/              |             |
|    total_timesteps | 500         |
------------------------------------
/home/015970994/anaconda3/envs/mastering-chaos/lib/python3.10/site-packages/stable_baselines3/common/evaluation.py:67: UserWarning: Evaluation environment is not wrapped with a ``Monitor`` wrapper. This may result in reporting modified episode lengths and rewards, if other wrappers happen to modify these. Consider wrapping environment first with ``Monitor`` wrapper.
  warnings.warn(
slurmstepd: error: *** JOB 62470 ON c4 CANCELLED AT 2023-02-14T12:00:46 ***
